# JRE version: OpenJDK Runtime Environment (8.0_152-b01) (build 1.8.0_152-release-1343-b01)
# Java VM: OpenJDK 64-Bit Server VM (25.152-b01 mixed mode windows-amd64 compressed oops)
Heap:
 PSYoungGen      total 152576K, used 61914K [0x00000000e0000000, 0x00000000ec800000, 0x0000000100000000)
  eden space 140288K, 35% used [0x00000000e0000000,0x00000000e307c380,0x00000000e8900000)
  from space 12288K, 99% used [0x00000000e8900000,0x00000000e94fa560,0x00000000e9500000)
  to   space 16896K, 0% used [0x00000000eb780000,0x00000000eb780000,0x00000000ec800000)
 ParOldGen       total 115712K, used 39966K [0x00000000a0000000, 0x00000000a7100000, 0x00000000e0000000)
  object space 115712K, 34% used [0x00000000a0000000,0x00000000a2707be8,0x00000000a7100000)
 Metaspace       used 64757K, capacity 66714K, committed 66856K, reserved 1107968K
  class space    used 8694K, capacity 9142K, committed 9264K, reserved 1048576K
GC Heap History (10 events):
Event: 19.673 GC heap before
{Heap before GC invocations=14 (full 2):
 PSYoungGen      total 90624K, used 90619K [0x00000000e0000000, 0x00000000e8200000, 0x0000000100000000)
  eden space 80384K, 100% used [0x00000000e0000000,0x00000000e4e80000,0x00000000e4e80000)
  from space 10240K, 99% used [0x00000000e4e80000,0x00000000e587efd0,0x00000000e5880000)
  to   space 12288K, 0% used [0x00000000e7600000,0x00000000e7600000,0x00000000e8200000)
 ParOldGen       total 79872K, used 19986K [0x00000000a0000000, 0x00000000a4e00000, 0x00000000e0000000)
  object space 79872K, 25% used [0x00000000a0000000,0x00000000a13849a0,0x00000000a4e00000)
 Metaspace       used 46187K, capacity 47306K, committed 47528K, reserved 1089536K
  class space    used 6197K, capacity 6478K, committed 6576K, reserved 1048576K
Event: 19.685 GC heap after
Heap after GC invocations=14 (full 2):
 PSYoungGen      total 117760K, used 5706K [0x00000000e0000000, 0x00000000e8000000, 0x0000000100000000)
  eden space 107520K, 0% used [0x00000000e0000000,0x00000000e0000000,0x00000000e6900000)
  from space 10240K, 55% used [0x00000000e7600000,0x00000000e7b92bb8,0x00000000e8000000)
  to   space 11776K, 0% used [0x00000000e6900000,0x00000000e6900000,0x00000000e7480000)
 ParOldGen       total 79872K, used 24791K [0x00000000a0000000, 0x00000000a4e00000, 0x00000000e0000000)
  object space 79872K, 31% used [0x00000000a0000000,0x00000000a1835f78,0x00000000a4e00000)
 Metaspace       used 46187K, capacity 47306K, committed 47528K, reserved 1089536K
  class space    used 6197K, capacity 6478K, committed 6576K, reserved 1048576K
}
Event: 21.937 GC heap before
{Heap before GC invocations=15 (full 2):
 PSYoungGen      total 117760K, used 113226K [0x00000000e0000000, 0x00000000e8000000, 0x0000000100000000)
  eden space 107520K, 100% used [0x00000000e0000000,0x00000000e6900000,0x00000000e6900000)
  from space 10240K, 55% used [0x00000000e7600000,0x00000000e7b92bb8,0x00000000e8000000)
  to   space 11776K, 0% used [0x00000000e6900000,0x00000000e6900000,0x00000000e7480000)
 ParOldGen       total 79872K, used 24791K [0x00000000a0000000, 0x00000000a4e00000, 0x00000000e0000000)
  object space 79872K, 31% used [0x00000000a0000000,0x00000000a1835f78,0x00000000a4e00000)
 Metaspace       used 51174K, capacity 52336K, committed 52520K, reserved 1095680K
  class space    used 6837K, capacity 7111K, committed 7216K, reserved 1048576K
Event: 21.945 GC heap after
Heap after GC invocations=15 (full 2):
 PSYoungGen      total 119296K, used 3897K [0x00000000e0000000, 0x00000000ea200000, 0x0000000100000000)
  eden space 107520K, 0% used [0x00000000e0000000,0x00000000e0000000,0x00000000e6900000)
  from space 11776K, 33% used [0x00000000e6900000,0x00000000e6cce4b0,0x00000000e7480000)
  to   space 12288K, 0% used [0x00000000e9600000,0x00000000e9600000,0x00000000ea200000)
 ParOldGen       total 79872K, used 28029K [0x00000000a0000000, 0x00000000a4e00000, 0x00000000e0000000)
  object space 79872K, 35% used [0x00000000a0000000,0x00000000a1b5f7e8,0x00000000a4e00000)
 Metaspace       used 51174K, capacity 52336K, committed 52520K, reserved 1095680K
  class space    used 6837K, capacity 7111K, committed 7216K, reserved 1048576K
}
Event: 24.027 GC heap before
{Heap before GC invocations=16 (full 2):
 PSYoungGen      total 119296K, used 81654K [0x00000000e0000000, 0x00000000ea200000, 0x0000000100000000)
  eden space 107520K, 72% used [0x00000000e0000000,0x00000000e4bef518,0x00000000e6900000)
  from space 11776K, 33% used [0x00000000e6900000,0x00000000e6cce4b0,0x00000000e7480000)
  to   space 12288K, 0% used [0x00000000e9600000,0x00000000e9600000,0x00000000ea200000)
 ParOldGen       total 79872K, used 28029K [0x00000000a0000000, 0x00000000a4e00000, 0x00000000e0000000)
  object space 79872K, 35% used [0x00000000a0000000,0x00000000a1b5f7e8,0x00000000a4e00000)
 Metaspace       used 57606K, capacity 59130K, committed 59160K, reserved 1099776K
  class space    used 7739K, capacity 8084K, committed 8112K, reserved 1048576K
Event: 24.038 GC heap after
Heap after GC invocations=16 (full 2):
 PSYoungGen      total 151552K, used 8816K [0x00000000e0000000, 0x00000000ea100000, 0x0000000100000000)
  eden space 140288K, 0% used [0x00000000e0000000,0x00000000e0000000,0x00000000e8900000)
  from space 11264K, 78% used [0x00000000e9600000,0x00000000e9e9c130,0x00000000ea100000)
  to   space 12288K, 0% used [0x00000000e8900000,0x00000000e8900000,0x00000000e9500000)
 ParOldGen       total 79872K, used 29215K [0x00000000a0000000, 0x00000000a4e00000, 0x00000000e0000000)
  object space 79872K, 36% used [0x00000000a0000000,0x00000000a1c87e80,0x00000000a4e00000)
 Metaspace       used 57606K, capacity 59130K, committed 59160K, reserved 1099776K
  class space    used 7739K, capacity 8084K, committed 8112K, reserved 1048576K
}
Event: 24.038 GC heap before
{Heap before GC invocations=17 (full 3):
 PSYoungGen      total 151552K, used 8816K [0x00000000e0000000, 0x00000000ea100000, 0x0000000100000000)
  eden space 140288K, 0% used [0x00000000e0000000,0x00000000e0000000,0x00000000e8900000)
  from space 11264K, 78% used [0x00000000e9600000,0x00000000e9e9c130,0x00000000ea100000)
  to   space 12288K, 0% used [0x00000000e8900000,0x00000000e8900000,0x00000000e9500000)
 ParOldGen       total 79872K, used 29215K [0x00000000a0000000, 0x00000000a4e00000, 0x00000000e0000000)
  object space 79872K, 36% used [0x00000000a0000000,0x00000000a1c87e80,0x00000000a4e00000)
 Metaspace       used 57606K, capacity 59130K, committed 59160K, reserved 1099776K
  class space    used 7739K, capacity 8084K, committed 8112K, reserved 1048576K
Event: 24.208 GC heap after
Heap after GC invocations=17 (full 3):
 PSYoungGen      total 151552K, used 0K [0x00000000e0000000, 0x00000000ea100000, 0x0000000100000000)
  eden space 140288K, 0% used [0x00000000e0000000,0x00000000e0000000,0x00000000e8900000)
  from space 11264K, 0% used [0x00000000e9600000,0x00000000e9600000,0x00000000ea100000)
  to   space 12288K, 0% used [0x00000000e8900000,0x00000000e8900000,0x00000000e9500000)
 ParOldGen       total 115712K, used 32109K [0x00000000a0000000, 0x00000000a7100000, 0x00000000e0000000)
  object space 115712K, 27% used [0x00000000a0000000,0x00000000a1f5b4a0,0x00000000a7100000)
 Metaspace       used 57606K, capacity 59130K, committed 59160K, reserved 1099776K
  class space    used 7739K, capacity 8084K, committed 8112K, reserved 1048576K
}
Event: 32.965 GC heap before
{Heap before GC invocations=18 (full 3):
 PSYoungGen      total 151552K, used 140047K [0x00000000e0000000, 0x00000000ea100000, 0x0000000100000000)
  eden space 140288K, 99% used [0x00000000e0000000,0x00000000e88c3f78,0x00000000e8900000)
  from space 11264K, 0% used [0x00000000e9600000,0x00000000e9600000,0x00000000ea100000)
  to   space 12288K, 0% used [0x00000000e8900000,0x00000000e8900000,0x00000000e9500000)
 ParOldGen       total 115712K, used 32109K [0x00000000a0000000, 0x00000000a7100000, 0x00000000e0000000)
  object space 115712K, 27% used [0x00000000a0000000,0x00000000a1f5b4a0,0x00000000a7100000)
 Metaspace       used 63581K, capacity 65500K, committed 65576K, reserved 1105920K
  class space    used 8551K, capacity 8999K, committed 9008K, reserved 1048576K
Event: 32.992 GC heap after
Heap after GC invocations=18 (full 3):
 PSYoungGen      total 152576K, used 12265K [0x00000000e0000000, 0x00000000ec800000, 0x0000000100000000)
  eden space 140288K, 0% used [0x00000000e0000000,0x00000000e0000000,0x00000000e8900000)
  from space 12288K, 99% used [0x00000000e8900000,0x00000000e94fa560,0x00000000e9500000)
  to   space 16896K, 0% used [0x00000000eb780000,0x00000000eb780000,0x00000000ec800000)
 ParOldGen       total 115712K, used 39966K [0x00000000a0000000, 0x00000000a7100000, 0x00000000e0000000)
  object space 115712K, 34% used [0x00000000a0000000,0x00000000a2707be8,0x00000000a7100000)
 Metaspace       used 63581K, capacity 65500K, committed 65576K, reserved 1105920K
  class space    used 8551K, capacity 8999K, committed 9008K, reserved 1048576K
}

